\BOOKMARK [1][-]{section.1}{\376\377\000n\000u\000m\000p\000y\000\040\000l\000e\000a\000r\000n\000i\000n\000g}{}% 1
\BOOKMARK [2][-]{subsection.1.1}{\376\377\000a\000x\000i\000s\000=\000i}{section.1}% 2
\BOOKMARK [3][-]{subsubsection.1.1.1}{\376\377\000a\000p\000p\000l\000y\000\040\000o\000p\000e\000r\000a\000t\000i\000o\000n\000s\000\040\000o\000n\000\040\000e\000a\000c\000h\000\040\000e\000l\000e\000m\000e\000n\000t\000s\000\040\000o\000f\000\040\000i\000-\000t\000h\000\040\000i\000n\000d\000e\000x\000\040\000\050\000e\000l\000e\000m\000e\000n\000t\000\040\000i\000n\000\040\000t\000h\000e\000\040\000\050\000i\000+\0001\000\051\000-\000t\000h\000\040\000s\000q\000u\000a\000r\000e\000\040\000b\000r\000a\000c\000k\000e\000t\000\051\000\040\000o\000f\000\040\000t\000h\000e\000\040\000s\000h\000a\000p\000e}{subsection.1.1}% 3
\BOOKMARK [3][-]{subsubsection.1.1.2}{\376\377\000e\000x\000a\000m\000p\000l\000e\000:\000\040\0002\000d\000:}{subsection.1.1}% 4
\BOOKMARK [3][-]{subsubsection.1.1.3}{\376\377\000a\000x\000i\000s\000=\0000\000,\000\040\000v\000e\000r\000t\000i\000c\000a\000l\000,\000\040\000a\000x\000i\000s\000\040\000=\000\040\0001\000,\000\040\000h\000o\000r\000i\000z\000o\000n\000t\000a\000l\000l\000y\000,\000\040\000a\000x\000i\000s\000=\0003\000,\000\040\000c\000a\000n\000\040\000b\000e\000\040\000v\000i\000e\000w\000e\000d\000\040\000a\000s\000\040\000o\000p\000e\000r\000a\000t\000e\000\040\000h\000o\000r\000i\000z\000o\000n\000t\000a\000l\000l\000y\000\040\000o\000n\000\040\000t\000h\000e\000\040\000e\000l\000e\000m\000e\000n\000t\000\040\000o\000f\000\040\000a\000[\0000\000,\040\046\000]}{subsection.1.1}% 5
\BOOKMARK [2][-]{subsection.1.2}{\376\377\000b\000a\000s\000i\000c\000s}{section.1}% 6
\BOOKMARK [3][-]{subsubsection.1.2.1}{\376\377\000n\000d\000a\000r\000r\000a\000y\000:\000\040\000w\000i\000t\000h\000\040\000a\000n\000\040\000a\000l\000i\000a\000s\000\040\000a\000r\000r\000a\000y\000,\000\040\000a\000n\000d\000\040\000a\000x\000i\000s\000\040\000m\000e\000a\000n\000s\000\040\000d\000i\000m}{subsection.1.2}% 7
\BOOKMARK [3][-]{subsubsection.1.2.2}{\376\377\000A\000t\000t\000r\000i\000b\000u\000t\000e\000s}{subsection.1.2}% 8
\BOOKMARK [3][-]{subsubsection.1.2.3}{\376\377\000e\000x\000a\000m\000p\000l\000e}{subsection.1.2}% 9
\BOOKMARK [3][-]{subsubsection.1.2.4}{\376\377\000m\000e\000t\000h\000o\000d}{subsection.1.2}% 10
\BOOKMARK [3][-]{subsubsection.1.2.5}{\376\377\000h\000o\000w\000\040\000t\000o\000\040\000c\000r\000e\000a\000t\000e\000\040\000n\000d\000a\000r\000r\000a\000y}{subsection.1.2}% 11
\BOOKMARK [3][-]{subsubsection.1.2.6}{\376\377\000c\000r\000e\000a\000t\000e\000\040\000b\000o\000o\000l\000\040\000a\000r\000r\000a\000y}{subsection.1.2}% 12
\BOOKMARK [3][-]{subsubsection.1.2.7}{\376\377\000p\000r\000i\000n\000t\000\040\000t\000h\000e\000\040\000w\000h\000o\000l\000e\000\040\000a\000r\000r\000a\000y}{subsection.1.2}% 13
\BOOKMARK [2][-]{subsection.1.3}{\376\377\000i\000n\000d\000e\000x}{section.1}% 14
\BOOKMARK [3][-]{subsubsection.1.3.1}{\376\377\000i\000n\000d\000e\000x\000\040\000o\000f\000\040\000a\000n\000\040\000a\000r\000r\000a\000y\000\040\000c\000a\000n\000\040\000b\000e\000\040\000a\000n\000y\000\040\000l\000i\000s\000t\000,\000\040\000a\000r\000r\000a\000y\000\040\000o\000r\000\040\000t\000u\000p\000l\000e}{subsection.1.3}% 15
\BOOKMARK [2][-]{subsection.1.4}{\376\377\000b\000a\000s\000i\000c\000\040\000o\000p\000e\000r\000a\000t\000i\000o\000n\000s}{section.1}% 16
\BOOKMARK [3][-]{subsubsection.1.4.1}{\376\377\000t\000h\000e\000\040\000m\000a\000t\000h\000\040\000o\000p\000e\000r\000a\000t\000i\000o\000n\000s\000\040\000o\000n\000\040\000a\000n\000\040\000a\000r\000r\000a\000y\000\040\000w\000i\000l\000l\000\040\000b\000e\000\040\000a\000p\000p\000l\000i\000e\000d\000\040\000o\000n\000\040\000e\000a\000c\000h\000\040\000e\000l\000e\000m\000e\000n\000t}{subsection.1.4}% 17
\BOOKMARK [3][-]{subsubsection.1.4.2}{\376\377\000'\000*\000'\000:\000\040\000e\000l\000e\000m\000e\000n\000t\000-\000w\000i\000s\000e\000d\000\040\000m\000u\000l\000t\000i\000p\000l\000i\000c\000a\000t\000i\000o\000n}{subsection.1.4}% 18
\BOOKMARK [3][-]{subsubsection.1.4.3}{\376\377\000m\000a\000t\000r\000i\000x\000\040\000m\000u\000l\000t\000i\000p\000l\000i\000c\000a\000t\000i\000o\000n\000:\000\040\000@\000\040\000o\000r\000\040\000'\000d\000o\000t\000'\000\040\000f\000u\000n\000c\000t\000i\000o\000n\000\040\000\050\000p\000y\000t\000h\000o\000n\000>\000=\0003\000.\0005\000\051\000\040\000A\000*\000B\000,\000\040\000A\000.\000d\000o\000t\000\050\000B\000\051}{subsection.1.4}% 19
\BOOKMARK [3][-]{subsubsection.1.4.4}{\376\377\000s\000o\000m\000e\000\040\000o\000p\000e\000r\000a\000t\000i\000o\000n\000s\000\040\000c\000a\000n\000\040\000m\000o\000d\000i\000f\000y\000\040\000a\000r\000r\000a\000y\000\040\000i\000n\000\040\000p\000l\000a\000c\000e\000:\000\040\000s\000u\000c\000h\000\040\000a\000s\000\040\000'\000+\000=\000'\000,\000\040\000`\000*\000=\000`}{subsection.1.4}% 20
\BOOKMARK [3][-]{subsubsection.1.4.5}{\376\377\000u\000n\000a\000r\000y\000-\000o\000p\000e\000r\000a\000t\000i\000o\000n\000:\000\040\000o\000n\000e\000\040\000e\000l\000e\000m\000e\000n\000t}{subsection.1.4}% 21
\BOOKMARK [3][-]{subsubsection.1.4.6}{\376\377\000u\000f\000u\000n\000c\000:\000\040\000u\000n\000i\000v\000e\000r\000s\000a\000l\000\040\000f\000u\000n\000c\000t\000i\000o\000n}{subsection.1.4}% 22
